<?xml version="1.0" encoding="UTF-8"?>
<testng-results ignored="0" total="1" passed="1" failed="0" skipped="0">
  <reporter-output>
    <line>
      <![CDATA[Reading data from properties file]]>
    </line>
    <line>
      <![CDATA[clicking on Gender Button]]>
    </line>
    <line>
      <![CDATA[clicking on next Button]]>
    </line>
    <line>
      <![CDATA[Selecting age from dropdown]]>
    </line>
    <line>
      <![CDATA[clicking on next Button]]>
    </line>
    <line>
      <![CDATA[Entering pincode]]>
    </line>
    <line>
      <![CDATA[Entering mobile number]]>
    </line>
    <line>
      <![CDATA[clicking on continue Button]]>
    </line>
    <line>
      <![CDATA[matching number with plan cards]]>
    </line>
    <line>
      <![CDATA[matching number with plan cards]]>
    </line>
    <line>
      <![CDATA[TC passed]]>
    </line>
  </reporter-output>
  <suite started-at="2026-06-09T18:21:17 IST" name="Suite" finished-at="2026-06-09T18:21:33 IST" duration-ms="15117">
    <groups>
    </groups>
    <test started-at="2026-06-09T18:21:17 IST" name="Test" finished-at="2026-06-09T18:21:33 IST" duration-ms="15117">
      <class name="com.coverfox_Test.cfTest">
        <test-method is-config="true" signature="objInitialze()[pri:0, instance:com.coverfox_Test.cfTest@4c371370]" started-at="2026-06-09T18:21:18 IST" name="objInitialze" finished-at="2026-06-09T18:21:21 IST" duration-ms="3618" status="PASS">
          <reporter-output>
            <line>
              <![CDATA[Reading data from properties file]]>
            </line>
          </reporter-output>
        </test-method> <!-- objInitialze -->
        <test-method is-config="true" signature="precon()[pri:0, instance:com.coverfox_Test.cfTest@4c371370]" started-at="2026-06-09T18:21:21 IST" name="precon" finished-at="2026-06-09T18:21:27 IST" duration-ms="5728" status="PASS">
          <reporter-output>
            <line>
              <![CDATA[clicking on Gender Button]]>
            </line>
            <line>
              <![CDATA[clicking on next Button]]>
            </line>
            <line>
              <![CDATA[Selecting age from dropdown]]>
            </line>
            <line>
              <![CDATA[clicking on next Button]]>
            </line>
            <line>
              <![CDATA[Entering pincode]]>
            </line>
            <line>
              <![CDATA[Entering mobile number]]>
            </line>
            <line>
              <![CDATA[clicking on continue Button]]>
            </line>
            <line>
              <![CDATA[matching number with plan cards]]>
            </line>
          </reporter-output>
        </test-method> <!-- precon -->
        <test-method signature="f()[pri:0, instance:com.coverfox_Test.cfTest@4c371370]" started-at="2026-06-09T18:21:27 IST" name="f" finished-at="2026-06-09T18:21:27 IST" duration-ms="54" status="PASS">
          <reporter-output>
            <line>
              <![CDATA[matching number with plan cards]]>
            </line>
            <line>
              <![CDATA[TC passed]]>
            </line>
          </reporter-output>
        </test-method> <!-- f -->
        <test-method is-config="true" signature="closeApplication()[pri:0, instance:com.coverfox_Test.cfTest@4c371370]" started-at="2026-06-09T18:21:27 IST" name="closeApplication" finished-at="2026-06-09T18:21:33 IST" duration-ms="5655" status="PASS">
          <reporter-output>
          </reporter-output>
        </test-method> <!-- closeApplication -->
      </class> <!-- com.coverfox_Test.cfTest -->
    </test> <!-- Test -->
  </suite> <!-- Suite -->
</testng-results>
