<?xml version="1.0" encoding="UTF-8"?>
<testsuite xmlns:xsi="http://www.w3.org/2001/XMLSchema-instance" xsi:noNamespaceSchemaLocation="https://maven.apache.org/surefire/maven-surefire-plugin/xsd/surefire-test-report.xsd" version="3.0.2" name="TestSuite" time="16.191" tests="1" errors="0" skipped="0" failures="0">
  <properties>
[...]
</properties>
  <testcase name="f" classname="com.coverfox_Test.cfTest" time="0.053">
    <system-out><![CDATA[ INFO [main] (cfTest.java:43)- Hello
Reading data from properties file
clicking on Gender Button
 INFO [main] (cfTest.java:58)- Clicked on Gender button
clicking on next Button
 INFO [main] (cfTest.java:61)- Clicked on next button
2026-06-09T12:51:23.387841Z main ERROR Log4j API could not find a logging provider.
Selecting age from dropdown
clicking on next Button
 INFO [main] (cfTest.java:66)- Clicked on next button
Entering pincode
 INFO [main] (cfTest.java:69)- Entered Pincode button
Entering mobile number
 INFO [main] (cfTest.java:71)- Entered Mobile number button
clicking on continue Button
 INFO [main] (cfTest.java:73)- Clicked on Continue button
 INFO [main] (cfTest.java:75)- Got Plan result
matching number with plan cards
 INFO [main] (cfTest.java:77)- got getNumOfPlancard 
matching number with plan cards
TC passed
test f is passed
]]></system-out>
    <system-err><![CDATA[SLF4J(W): No SLF4J providers were found.
SLF4J(W): Defaulting to no-operation (NOP) logger implementation
SLF4J(W): See https://www.slf4j.org/codes.html#noProviders for further details.
Jun 09, 2026 6:21:19 PM org.openqa.selenium.devtools.CdpVersionFinder findNearestMatch
WARNING: Unable to find an exact match for CDP version 149, returning the closest version; found: 148; Please update to a Selenium version that supports CDP version 149
]]></system-err>
  </testcase>
</testsuite>