<?xml version="1.0" encoding="UTF-8"?>
<!-- Generated by org.testng.reporters.JUnitReportReporter -->
<testsuite hostname="DESKTOP-4RP0KMK" failures="0" tests="1" name="com.coverfox_Test.cfTest" time="5.782" errors="0" timestamp="2026-06-09T18:21:33 IST" skipped="0">
  <testcase classname="com.coverfox_Test.cfTest" name="f" time="5.782">
    <system-out>
      <![CDATA[matching number with plan cards
TC passed]]>
    </system-out>
  </testcase> <!-- f -->
  <system-out>
    <![CDATA[Reading data from properties file
clicking on Gender Button
clicking on next Button
Selecting age from dropdown
clicking on next Button
Entering pincode
Entering mobile number
clicking on continue Button
matching number with plan cards
matching number with plan cards
TC passed]]>
  </system-out>
</testsuite> <!-- com.coverfox_Test.cfTest -->
